Flush(false) db not started
StopNode()
Flushed 0 addresses to peers.dat  44ms
Flush(true) db not started
PesetaDigital exited

Flush(false) db not started
StopNode()
Flushed 0 addresses to peers.dat  30ms
Flush(true) db not started
PesetaDigital exited

Flush(false) db not started
StopNode()
Flushed 0 addresses to peers.dat  32ms
Flush(true) db not started
PesetaDigital exited

Flush(false) db not started
StopNode()
Flushed 0 addresses to peers.dat  46ms
Flush(true) db not started
PesetaDigital exited

Flush(false) db not started
StopNode()
Flushed 0 addresses to peers.dat  33ms
Flush(true) db not started
PesetaDigital exited

Flush(false) db not started
StopNode()
Flushed 0 addresses to peers.dat  39ms
Flush(true) db not started
PesetaDigital exited

Flush(false) db not started
StopNode()
Flushed 0 addresses to peers.dat  41ms
Flush(true) db not started
PesetaDigital exited

Flush(false) db not started
StopNode()
Flushed 0 addresses to peers.dat  34ms
Flush(true) db not started
PesetaDigital exited

Flush(false) db not started
StopNode()
Flushed 0 addresses to peers.dat  45ms
Flush(true) db not started
PesetaDigital exited

